<?xml version="1.0" encoding="UTF-8"?>
<testsuites tests="2" failures="0" errors="0" skipped="0">
  <testsuite name="add paste bin stick" timestamp="2024-05-06T18:01:42" time="7.161" tests="2" failures="0" errors="0" skipped="0">
    <properties>
      <property name="specId" value="0"/>
      <property name="suiteName" value="add paste bin stick"/>
      <property name="capabilities" value="chrome.124_0_6367_119.windows"/>
      <property name="file" value="file:///C:/Users/HP/Documents/Personal/EpamJavaScript/TestingRepo/JavaScriptTesting/WebDriver-Task-1/test/specs/test.e2e.js"/>
    </properties>
    <testcase classname="chrome.124_0_6367_119.windows.add_paste_bin_stick" name="check The page title" time="1.588">
      <system-out><![CDATA[
COMMAND: POST /session/17093bb65cf94dd79da68a83eebecb12/url - {"url":"https://pastebin.com/"}
RESULT: {"url":"https://pastebin.com/"}
COMMAND: POST /session/17093bb65cf94dd79da68a83eebecb12/window/maximize - {}
RESULT: {}
COMMAND: POST /session/17093bb65cf94dd79da68a83eebecb12/element - {"using":"css selector","value":"title"}
RESULT: {"using":"css selector","value":"title"}
COMMAND: GET /session/17093bb65cf94dd79da68a83eebecb12/element/f.25EDEB8072B383D465CF730B94F7DB6E.d.8F4A717DF1C3F8E9D634D170BD519458.e.34/text - {}
]]></system-out>
    </testcase>
    <testcase classname="chrome.124_0_6367_119.windows.add_paste_bin_stick" name="Check adding a new paste bin" time="5.554">
      <system-out><![CDATA[
COMMAND: POST /session/17093bb65cf94dd79da68a83eebecb12/url - {"url":"https://pastebin.com/"}
RESULT: {}
COMMAND: GET /session/17093bb65cf94dd79da68a83eebecb12/element/f.25EDEB8072B383D465CF730B94F7DB6E.d.8F4A717DF1C3F8E9D634D170BD519458.e.34/text - {}
RESULT: {"url":"https://pastebin.com/"}
COMMAND: POST /session/17093bb65cf94dd79da68a83eebecb12/window/maximize - {}
COMMAND: POST /session/17093bb65cf94dd79da68a83eebecb12/element - {"using":"css selector","value":"title"}
RESULT: {}
COMMAND: POST /session/17093bb65cf94dd79da68a83eebecb12/element - {"using":"css selector","value":".js-post-form"}
RESULT: {"using":"css selector","value":"title"}
COMMAND: GET /session/17093bb65cf94dd79da68a83eebecb12/element/f.25EDEB8072B383D465CF730B94F7DB6E.d.8F4A717DF1C3F8E9D634D170BD519458.e.34/text - {}
RESULT: {"using":"css selector","value":".js-post-form"}
COMMAND: POST /session/17093bb65cf94dd79da68a83eebecb12/element/f.25EDEB8072B383D465CF730B94F7DB6E.d.7C866D8415701FDA625486C0B0DFC462.e.83/element - {"using":"css selector","value":".js-create-form>.form-group>.js-paste-code"}
COMMAND: POST /session/17093bb65cf94dd79da68a83eebecb12/element - {"using":"css selector","value":"title"}
RESULT: {"using":"css selector","value":".js-create-form>.form-group>.js-paste-code"}
COMMAND: POST /session/17093bb65cf94dd79da68a83eebecb12/element - {"using":"css selector","value":".js-post-form"}
RESULT: {"using":"css selector","value":"title"}
COMMAND: GET /session/17093bb65cf94dd79da68a83eebecb12/element/f.25EDEB8072B383D465CF730B94F7DB6E.d.7C866D8415701FDA625486C0B0DFC462.e.82/text - {}
RESULT: {"using":"css selector","value":".js-post-form"}
COMMAND: POST /session/17093bb65cf94dd79da68a83eebecb12/element/f.25EDEB8072B383D465CF730B94F7DB6E.d.7C866D8415701FDA625486C0B0DFC462.e.83/element - {"using":"css selector","value":"#select2-postform-expiration-container"}
RESULT: {}
RESULT: {"using":"css selector","value":"#select2-postform-expiration-container"}
COMMAND: POST /session/17093bb65cf94dd79da68a83eebecb12/element - {"using":"css selector","value":".js-post-form"}
RESULT: {"using":"css selector","value":".js-post-form"}
COMMAND: POST /session/17093bb65cf94dd79da68a83eebecb12/element/f.25EDEB8072B383D465CF730B94F7DB6E.d.7C866D8415701FDA625486C0B0DFC462.e.83/element - {"using":"css selector","value":"#postform-name"}
RESULT: {"using":"css selector","value":"#postform-name"}
COMMAND: POST /session/17093bb65cf94dd79da68a83eebecb12/element - {"using":"css selector","value":".js-post-form"}
RESULT: {"using":"css selector","value":".js-post-form"}
COMMAND: POST /session/17093bb65cf94dd79da68a83eebecb12/element/f.25EDEB8072B383D465CF730B94F7DB6E.d.7C866D8415701FDA625486C0B0DFC462.e.83/element - {"using":"css selector","value":".form-btn-container>.btn"}
RESULT: {"using":"css selector","value":".form-btn-container>.btn"}
COMMAND: POST /session/17093bb65cf94dd79da68a83eebecb12/element/f.25EDEB8072B383D465CF730B94F7DB6E.d.7C866D8415701FDA625486C0B0DFC462.e.78/clear - {}
RESULT: {}
COMMAND: POST /session/17093bb65cf94dd79da68a83eebecb12/element/f.25EDEB8072B383D465CF730B94F7DB6E.d.7C866D8415701FDA625486C0B0DFC462.e.78/value - {"text":"Hello from WebDriver"}
COMMAND: GET /session/17093bb65cf94dd79da68a83eebecb12/element/f.25EDEB8072B383D465CF730B94F7DB6E.d.7C866D8415701FDA625486C0B0DFC462.e.82/text - {}
RESULT: {"text":"Hello from WebDriver"}
COMMAND: GET /session/17093bb65cf94dd79da68a83eebecb12/screenshot - {}
RESULT: {}
RESULT: {}
COMMAND: POST /session/17093bb65cf94dd79da68a83eebecb12/actions - {"actions":[{"id":"action1","type":"wheel","parameters":{},"actions":[{"type":"scroll","x":0,"y":0,"deltaX":0,"deltaY":600,"duration":0}]}]}
RESULT: {"actions":[{"id":"action1","type":"wheel","parameters":{},"actions":[{"type":"scroll","x":0,"y":0,"deltaX":0,"deltaY":600,"duration":0}]}]}
COMMAND: DELETE /session/17093bb65cf94dd79da68a83eebecb12/actions - {}
RESULT: {}
COMMAND: POST /session/17093bb65cf94dd79da68a83eebecb12/element/f.25EDEB8072B383D465CF730B94F7DB6E.d.7C866D8415701FDA625486C0B0DFC462.e.85/click - {}
RESULT: {}
COMMAND: POST /session/17093bb65cf94dd79da68a83eebecb12/element - {"using":"css selector","value":"#select2-postform-expiration-results"}
RESULT: {"using":"css selector","value":"#select2-postform-expiration-results"}
COMMAND: POST /session/17093bb65cf94dd79da68a83eebecb12/elements - {"using":"css selector","value":"#select2-postform-expiration-results"}
RESULT: {"using":"css selector","value":"#select2-postform-expiration-results"}
COMMAND: POST /session/17093bb65cf94dd79da68a83eebecb12/element - {"using":"css selector","value":"#select2-postform-expiration-results"}
RESULT: {"using":"css selector","value":"#select2-postform-expiration-results"}
COMMAND: POST /session/17093bb65cf94dd79da68a83eebecb12/element/f.25EDEB8072B383D465CF730B94F7DB6E.d.7C866D8415701FDA625486C0B0DFC462.e.103/element - {"using":"xpath","value":"//li[contains(@id,\"10M\")]"}
COMMAND: GET /session/17093bb65cf94dd79da68a83eebecb12/element/f.25EDEB8072B383D465CF730B94F7DB6E.d.7C866D8415701FDA625486C0B0DFC462.e.82/text - {}
RESULT: {"using":"xpath","value":"//li[contains(@id,\"10M\")]"}
COMMAND: POST /session/17093bb65cf94dd79da68a83eebecb12/element/f.25EDEB8072B383D465CF730B94F7DB6E.d.7C866D8415701FDA625486C0B0DFC462.e.104/click - {}
RESULT: {}
RESULT: {}
COMMAND: GET /session/17093bb65cf94dd79da68a83eebecb12/screenshot - {}
RESULT: {}
COMMAND: POST /session/17093bb65cf94dd79da68a83eebecb12/element/f.25EDEB8072B383D465CF730B94F7DB6E.d.7C866D8415701FDA625486C0B0DFC462.e.76/clear - {}
RESULT: {}
COMMAND: POST /session/17093bb65cf94dd79da68a83eebecb12/element/f.25EDEB8072B383D465CF730B94F7DB6E.d.7C866D8415701FDA625486C0B0DFC462.e.76/value - {"text":"helloweb"}
RESULT: {"text":"helloweb"}
COMMAND: GET /session/17093bb65cf94dd79da68a83eebecb12/screenshot - {}
COMMAND: GET /session/17093bb65cf94dd79da68a83eebecb12/element/f.25EDEB8072B383D465CF730B94F7DB6E.d.7C866D8415701FDA625486C0B0DFC462.e.82/text - {}
RESULT: {}
COMMAND: POST /session/17093bb65cf94dd79da68a83eebecb12/actions - {"actions":[{"id":"action2","type":"wheel","parameters":{},"actions":[{"type":"scroll","x":0,"y":0,"deltaX":0,"deltaY":600,"duration":0}]}]}
RESULT: {}
RESULT: {"actions":[{"id":"action2","type":"wheel","parameters":{},"actions":[{"type":"scroll","x":0,"y":0,"deltaX":0,"deltaY":600,"duration":0}]}]}
COMMAND: DELETE /session/17093bb65cf94dd79da68a83eebecb12/actions - {}
RESULT: {}
COMMAND: POST /session/17093bb65cf94dd79da68a83eebecb12/element/f.25EDEB8072B383D465CF730B94F7DB6E.d.7C866D8415701FDA625486C0B0DFC462.e.87/click - {}
COMMAND: GET /session/17093bb65cf94dd79da68a83eebecb12/element/f.25EDEB8072B383D465CF730B94F7DB6E.d.7C866D8415701FDA625486C0B0DFC462.e.82/text - {}
RESULT: {}
COMMAND: POST /session/17093bb65cf94dd79da68a83eebecb12/element - {"using":"css selector","value":"title"}
COMMAND: POST /session/17093bb65cf94dd79da68a83eebecb12/element - {"using":"css selector","value":"title"}
RESULT: {"using":"css selector","value":"title"}
COMMAND: GET /session/17093bb65cf94dd79da68a83eebecb12/screenshot - {}
RESULT: {"using":"css selector","value":"title"}
COMMAND: GET /session/17093bb65cf94dd79da68a83eebecb12/element/f.25EDEB8072B383D465CF730B94F7DB6E.d.7C866D8415701FDA625486C0B0DFC462.e.82/text - {}
RESULT: {}
COMMAND: GET /session/17093bb65cf94dd79da68a83eebecb12/element/f.25EDEB8072B383D465CF730B94F7DB6E.d.2C0DAB786303F29D2C8D5FCB5D9B74AD.e.144/text - {}
COMMAND: POST /session/17093bb65cf94dd79da68a83eebecb12/element - {"using":"css selector","value":"title"}
COMMAND: DELETE /session/17093bb65cf94dd79da68a83eebecb12 - {}
RESULT: {}
RESULT: {"using":"css selector","value":"title"}
COMMAND: GET /session/17093bb65cf94dd79da68a83eebecb12/element/f.25EDEB8072B383D465CF730B94F7DB6E.d.2C0DAB786303F29D2C8D5FCB5D9B74AD.e.144/text - {}
RESULT: {}
]]></system-out>
    </testcase>
  </testsuite>
</testsuites>